<?xml version="1.0" encoding="UTF-8"?>
<!-- Generated by org.testng.reporters.JUnitXMLReporter -->
<testsuite ignored="6" hostname="LAPTOP-0P5UETK4" failures="0" tests="5" name="Test" time="9.681" errors="0" timestamp="12 Feb. 2022 02:47:33 GMT">
  <testcase classname="projectTestCases.TC001Login" name="enter_user_details" time="1.685"/>
  <testcase classname="projectTestCases.TC003Add_to_Cart$Login" name="Add_to_Cart_page" time="0.614"/>
  <testcase classname="projectTestCases.TC004PurchaseGiftCertificate" name="Gift_Certificate" time="1.513"/>
  <testcase classname="projectTestCases.TC002Registration" name="Registration_page1" time="1.795"/>
  <testcase classname="projectTestCases.TC005contactUs" name="ConUs" time="1.193"/>
  <testcase classname="base.BaseClass" name="@AfterSuite closer" time="0.0">
    <ignored/>
  </testcase> <!-- @AfterSuite closer -->
  <testcase classname="base.BaseClass" name="@AfterSuite closer" time="0.0">
    <ignored/>
  </testcase> <!-- @AfterSuite closer -->
  <testcase classname="base.BaseClass" name="@AfterSuite closer" time="0.0">
    <ignored/>
  </testcase> <!-- @AfterSuite closer -->
  <testcase classname="base.BaseClass" name="@BeforeSuite beforeMethod" time="0.0">
    <ignored/>
  </testcase> <!-- @BeforeSuite beforeMethod -->
  <testcase classname="base.BaseClass" name="@BeforeSuite beforeMethod" time="0.0">
    <ignored/>
  </testcase> <!-- @BeforeSuite beforeMethod -->
  <testcase classname="base.BaseClass" name="@BeforeSuite beforeMethod" time="0.0">
    <ignored/>
  </testcase> <!-- @BeforeSuite beforeMethod -->
</testsuite> <!-- Test -->
