<?xml version="1.0" encoding="UTF-8"?>
<testsuite xmlns:xsi="http://www.w3.org/2001/XMLSchema-instance" xsi:noNamespaceSchemaLocation="https://maven.apache.org/surefire/maven-surefire-plugin/xsd/surefire-test-report-3.0.xsd" version="3.0" name="TestSuite" time="13.544" tests="5" errors="0" skipped="0" failures="0">
  <properties>
[...]
</properties>
  <testcase name="enter_user_details" classname="projectTestCases.TC001Login" time="1.696"/>
  <testcase name="Add_to_Cart_page" classname="projectTestCases.TC003Add_to_Cart$Login" time="0.619"/>
  <testcase name="Gift_Certificate" classname="projectTestCases.TC004PurchaseGiftCertificate" time="1.508"/>
  <testcase name="Registration_page1" classname="projectTestCases.TC002Registration" time="1.795"/>
  <testcase name="ConUs" classname="projectTestCases.TC005contactUs" time="1.195"/>
</testsuite>