<?xml version="1.0" encoding="UTF-8"?>
<testng-results ignored="0" total="1" passed="1" failed="0" skipped="0">
  <reporter-output>
  </reporter-output>
  <suite started-at="2022-02-11T18:03:28 EST" name="Default suite" finished-at="2022-02-11T18:03:29 EST" duration-ms="1655">
    <groups>
    </groups>
    <test started-at="2022-02-11T18:03:28 EST" name="Default test" finished-at="2022-02-11T18:03:29 EST" duration-ms="1655">
      <class name="projectTestCases.TC002Registration">
        <test-method is-config="true" signature="beforeMethod()[pri:0, instance:projectTestCases.TC002Registration@1863d2fe]" started-at="2022-02-11T18:03:25 EST" name="beforeMethod" finished-at="2022-02-11T18:03:28 EST" duration-ms="2729" status="PASS">
          <reporter-output>
          </reporter-output>
        </test-method> <!-- beforeMethod -->
        <test-method signature="Registration_page1()[pri:0, instance:projectTestCases.TC002Registration@1863d2fe]" started-at="2022-02-11T18:03:28 EST" name="Registration_page1" finished-at="2022-02-11T18:03:29 EST" duration-ms="1587" status="PASS">
          <reporter-output>
          </reporter-output>
        </test-method> <!-- Registration_page1 -->
        <test-method is-config="true" signature="closer()[pri:0, instance:projectTestCases.TC002Registration@1863d2fe]" started-at="2022-02-11T18:03:29 EST" name="closer" finished-at="2022-02-11T18:03:30 EST" duration-ms="261" status="PASS">
          <reporter-output>
          </reporter-output>
        </test-method> <!-- closer -->
      </class> <!-- projectTestCases.TC002Registration -->
    </test> <!-- Default test -->
  </suite> <!-- Default suite -->
</testng-results>
